# started on Fri Sep 27 13:22:57 2024

#           time             counts unit events
     1.001008385            1671.45 msec task-clock                       #    1.671 CPUs utilized             
     1.001008385              14296      context-switches                 #    8.553 K/sec                     
     1.001008385                  0      cpu-migrations                   #    0.000 /sec                      
     1.001008385                384      page-faults                      #  229.741 /sec                      
     1.001008385          364858468      cycles                           #    0.218 GHz                         (35.31%)
     1.001008385          481537141      instructions                     #    1.32  insn per cycle              (36.28%)
     1.001008385           92651593      branches                         #   55.432 M/sec                       (50.32%)
     1.001008385             553227      branch-misses                    #    0.60% of all branches             (66.35%)
     1.001008385                         TopdownL1                                                      
     1.001008385                                                   #     21.5 percent of slots  frontend_bound  (64.69%)
     1.001008385                                                   #      0.8 percent of slots  bad_speculation  (13.92%)
     2.002338115            1552.23 msec task-clock                       #    1.552 CPUs utilized             
     2.002338115              14722      context-switches                 #    9.484 K/sec                     
     2.002338115                  0      cpu-migrations                   #    0.000 /sec                      
     2.002338115                  0      page-faults                      #    0.000 /sec                      
     2.002338115           83257956      cycles                           #    0.054 GHz                         (36.32%)
     2.002338115          130866194      instructions                     #    1.57  insn per cycle              (35.51%)
     2.002338115           23843828      branches                         #   15.361 M/sec                       (51.52%)
     2.002338115             416199      branch-misses                    #    1.75% of all branches             (68.16%)
     2.002338115                                                                                        
     2.002338115                                                   #     52.7 percent of slots  frontend_bound  (63.68%)
     2.002338115                                                   #      4.2 percent of slots  bad_speculation  (16.12%)
     3.003610390           12532.10 msec task-clock                       #   12.532 CPUs utilized             
     3.003610390               4474      context-switches                 #  357.003 /sec                      
     3.003610390                  1      cpu-migrations                   #    0.080 /sec                      
     3.003610390                  1      page-faults                      #    0.080 /sec                      
     3.003610390        25247632339      cycles                           #    2.015 GHz                         (33.37%)
     3.003610390        39553510989      instructions                     #    1.57  insn per cycle              (33.25%)
     3.003610390         5976814786      branches                         #  476.920 M/sec                       (49.97%)
     3.003610390           19517019      branch-misses                    #    0.33% of all branches             (66.65%)
     3.003610390                                                                                        
     3.003610390                                                   #     28.4 percent of slots  frontend_bound  (66.64%)
     3.003610390                                                   #      0.9 percent of slots  bad_speculation  (16.79%)
     4.005342227           14333.21 msec task-clock                       #   14.333 CPUs utilized             
     4.005342227               3035      context-switches                 #  211.746 /sec                      
     4.005342227                  1      cpu-migrations                   #    0.070 /sec                      
     4.005342227                 16      page-faults                      #    1.116 /sec                      
     4.005342227        29331429296      cycles                           #    2.046 GHz                         (33.28%)
     4.005342227        45569339481      instructions                     #    1.55  insn per cycle              (33.40%)
     4.005342227         6933321144      branches                         #  483.724 M/sec                       (49.99%)
     4.005342227           21422864      branch-misses                    #    0.31% of all branches             (66.66%)
     4.005342227                                                                                        
     4.005342227                                                   #     28.2 percent of slots  frontend_bound  (66.72%)
     4.005342227                                                   #      0.9 percent of slots  bad_speculation  (16.70%)
     5.006842146           14163.63 msec task-clock                       #   14.164 CPUs utilized             
     5.006842146               3096      context-switches                 #  218.588 /sec                      
     5.006842146                  2      cpu-migrations                   #    0.141 /sec                      
     5.006842146                  0      page-faults                      #    0.000 /sec                      
     5.006842146        29047207545      cycles                           #    2.051 GHz                         (33.19%)
     5.006842146        45393902889      instructions                     #    1.56  insn per cycle              (33.18%)
     5.006842146         6886095612      branches                         #  486.182 M/sec                       (49.95%)
     5.006842146           20520815      branch-misses                    #    0.30% of all branches             (66.72%)
     5.006842146                                                                                        
     5.006842146                                                   #     28.2 percent of slots  frontend_bound  (66.80%)
     5.006842146                                                   #      0.8 percent of slots  bad_speculation  (16.62%)
     6.008918073           14074.44 msec task-clock                       #   14.074 CPUs utilized             
     6.008918073               3122      context-switches                 #  221.821 /sec                      
     6.008918073                  4      cpu-migrations                   #    0.284 /sec                      
     6.008918073                  0      page-faults                      #    0.000 /sec                      
     6.008918073        28824047727      cycles                           #    2.048 GHz                         (33.17%)
     6.008918073        45110054482      instructions                     #    1.57  insn per cycle              (33.30%)
     6.008918073         6844627265      branches                         #  486.316 M/sec                       (49.88%)
     6.008918073           19165813      branch-misses                    #    0.28% of all branches             (66.72%)
     6.008918073                                                                                        
     6.008918073                                                   #     28.2 percent of slots  frontend_bound  (66.84%)
     6.008918073                                                   #      0.8 percent of slots  bad_speculation  (16.59%)
     7.010491573           14036.15 msec task-clock                       #   14.036 CPUs utilized             
     7.010491573               3178      context-switches                 #  226.415 /sec                      
     7.010491573                  5      cpu-migrations                   #    0.356 /sec                      
     7.010491573                  0      page-faults                      #    0.000 /sec                      
     7.010491573        28759907198      cycles                           #    2.049 GHz                         (33.39%)
     7.010491573        44951638532      instructions                     #    1.56  insn per cycle              (33.34%)
     7.010491573         6829102116      branches                         #  486.537 M/sec                       (49.88%)
     7.010491573           18962149      branch-misses                    #    0.28% of all branches             (66.63%)
     7.010491573                                                                                        
     7.010491573                                                   #     28.2 percent of slots  frontend_bound  (66.61%)
     7.010491573                                                   #      0.8 percent of slots  bad_speculation  (16.70%)
     8.012301795           14061.72 msec task-clock                       #   14.062 CPUs utilized             
     8.012301795               3198      context-switches                 #  227.426 /sec                      
     8.012301795                  1      cpu-migrations                   #    0.071 /sec                      
     8.012301795                  0      page-faults                      #    0.000 /sec                      
     8.012301795        28732435607      cycles                           #    2.043 GHz                         (33.19%)
     8.012301795        44862100979      instructions                     #    1.56  insn per cycle              (33.35%)
     8.012301795         6814133606      branches                         #  484.588 M/sec                       (50.04%)
     8.012301795           18752007      branch-misses                    #    0.28% of all branches             (66.65%)
     8.012301795                                                                                        
     8.012301795                                                   #     28.2 percent of slots  frontend_bound  (66.81%)
     8.012301795                                                   #      0.8 percent of slots  bad_speculation  (16.63%)
     9.013864639           14068.55 msec task-clock                       #   14.069 CPUs utilized             
     9.013864639               3150      context-switches                 #  223.904 /sec                      
     9.013864639                  3      cpu-migrations                   #    0.213 /sec                      
     9.013864639                  0      page-faults                      #    0.000 /sec                      
     9.013864639        28773247828      cycles                           #    2.045 GHz                         (33.42%)
     9.013864639        44747404684      instructions                     #    1.56  insn per cycle              (33.40%)
     9.013864639         6793348509      branches                         #  482.875 M/sec                       (49.97%)
     9.013864639           18917610      branch-misses                    #    0.28% of all branches             (66.59%)
     9.013864639                                                                                        
     9.013864639                                                   #     28.1 percent of slots  frontend_bound  (66.57%)
     9.013864639                                                   #      0.8 percent of slots  bad_speculation  (16.76%)
    10.015645537           14075.04 msec task-clock                       #   14.075 CPUs utilized             
    10.015645537               3146      context-switches                 #  223.516 /sec                      
    10.015645537                  3      cpu-migrations                   #    0.213 /sec                      
    10.015645537                  0      page-faults                      #    0.000 /sec                      
    10.015645537        28836425071      cycles                           #    2.049 GHz                         (33.40%)
    10.015645537        44992060446      instructions                     #    1.56  insn per cycle              (33.13%)
    10.015645537         6842820584      branches                         #  486.167 M/sec                       (49.87%)
    10.015645537           18890717      branch-misses                    #    0.28% of all branches             (66.51%)
    10.015645537                                                                                        
    10.015645537                                                   #     28.1 percent of slots  frontend_bound  (66.60%)
    10.015645537                                                   #      0.8 percent of slots  bad_speculation  (16.75%)
    11.017442213           14164.24 msec task-clock                       #   14.164 CPUs utilized             
    11.017442213               3163      context-switches                 #  223.309 /sec                      
    11.017442213                  3      cpu-migrations                   #    0.212 /sec                      
    11.017442213                  0      page-faults                      #    0.000 /sec                      
    11.017442213        28968808194      cycles                           #    2.045 GHz                         (33.38%)
    11.017442213        45218140084      instructions                     #    1.56  insn per cycle              (33.30%)
    11.017442213         6884885835      branches                         #  486.075 M/sec                       (49.84%)
    11.017442213           19402443      branch-misses                    #    0.28% of all branches             (66.53%)
    11.017442213                                                                                        
    11.017442213                                                   #     28.1 percent of slots  frontend_bound  (66.62%)
    11.017442213                                                   #      0.8 percent of slots  bad_speculation  (16.69%)
    12.019213520           14052.93 msec task-clock                       #   14.053 CPUs utilized             
    12.019213520               3187      context-switches                 #  226.785 /sec                      
    12.019213520                  1      cpu-migrations                   #    0.071 /sec                      
    12.019213520                  0      page-faults                      #    0.000 /sec                      
    12.019213520        28697457029      cycles                           #    2.042 GHz                         (33.44%)
    12.019213520        44710354212      instructions                     #    1.56  insn per cycle              (33.38%)
    12.019213520         6802168254      branches                         #  484.039 M/sec                       (49.96%)
    12.019213520           18512564      branch-misses                    #    0.27% of all branches             (66.59%)
    12.019213520                                                                                        
    12.019213520                                                   #     28.1 percent of slots  frontend_bound  (66.55%)
    12.019213520                                                   #      0.8 percent of slots  bad_speculation  (16.74%)
    13.021243626           14035.44 msec task-clock                       #   14.035 CPUs utilized             
    13.021243626               3162      context-switches                 #  225.287 /sec                      
    13.021243626                  0      cpu-migrations                   #    0.000 /sec                      
    13.021243626                  0      page-faults                      #    0.000 /sec                      
    13.021243626        28653602732      cycles                           #    2.042 GHz                         (33.32%)
    13.021243626        44901363074      instructions                     #    1.57  insn per cycle              (33.28%)
    13.021243626         6822500259      branches                         #  486.091 M/sec                       (49.96%)
    13.021243626           18625028      branch-misses                    #    0.27% of all branches             (66.57%)
    13.021243626                                                                                        
    13.021243626                                                   #     28.2 percent of slots  frontend_bound  (66.68%)
    13.021243626                                                   #      0.8 percent of slots  bad_speculation  (16.79%)
    14.022850158           13995.74 msec task-clock                       #   13.996 CPUs utilized             
    14.022850158               3287      context-switches                 #  234.857 /sec                      
    14.022850158                  2      cpu-migrations                   #    0.143 /sec                      
    14.022850158                  0      page-faults                      #    0.000 /sec                      
    14.022850158        28619954141      cycles                           #    2.045 GHz                         (33.34%)
    14.022850158        44701588042      instructions                     #    1.56  insn per cycle              (33.45%)
    14.022850158         6785522622      branches                         #  484.828 M/sec                       (50.16%)
    14.022850158           18398525      branch-misses                    #    0.27% of all branches             (66.76%)
    14.022850158                                                                                        
    14.022850158                                                   #     28.1 percent of slots  frontend_bound  (66.66%)
    14.022850158                                                   #      0.8 percent of slots  bad_speculation  (16.59%)
    15.024599763           13899.42 msec task-clock                       #   13.899 CPUs utilized             
    15.024599763               3360      context-switches                 #  241.737 /sec                      
    15.024599763                  0      cpu-migrations                   #    0.000 /sec                      
    15.024599763                  0      page-faults                      #    0.000 /sec                      
    15.024599763        28308019625      cycles                           #    2.037 GHz                         (33.29%)
    15.024599763        44401986473      instructions                     #    1.57  insn per cycle              (33.35%)
    15.024599763         6753749548      branches                         #  485.902 M/sec                       (50.05%)
    15.024599763           17967621      branch-misses                    #    0.27% of all branches             (66.78%)
    15.024599763                                                                                        
    15.024599763                                                   #     28.1 percent of slots  frontend_bound  (66.71%)
    15.024599763                                                   #      0.8 percent of slots  bad_speculation  (16.65%)
    16.026229844           13870.14 msec task-clock                       #   13.870 CPUs utilized             
    16.026229844               3388      context-switches                 #  244.266 /sec                      
    16.026229844                  2      cpu-migrations                   #    0.144 /sec                      
    16.026229844                  0      page-faults                      #    0.000 /sec                      
    16.026229844        28305647523      cycles                           #    2.041 GHz                         (33.29%)
    16.026229844        44326086415      instructions                     #    1.57  insn per cycle              (33.40%)
    16.026229844         6738749820      branches                         #  485.846 M/sec                       (50.03%)
    16.026229844           17959798      branch-misses                    #    0.27% of all branches             (66.63%)
    16.026229844                                                                                        
    16.026229844                                                   #     28.1 percent of slots  frontend_bound  (66.70%)
    16.026229844                                                   #      0.8 percent of slots  bad_speculation  (16.65%)
    17.027825916           13831.52 msec task-clock                       #   13.832 CPUs utilized             
    17.027825916               3403      context-switches                 #  246.032 /sec                      
    17.027825916                  0      cpu-migrations                   #    0.000 /sec                      
    17.027825916                  0      page-faults                      #    0.000 /sec                      
    17.027825916        28303319098      cycles                           #    2.046 GHz                         (33.52%)
    17.027825916        44446289827      instructions                     #    1.57  insn per cycle              (33.10%)
    17.027825916         6755827816      branches                         #  488.437 M/sec                       (49.74%)
    17.027825916           17950401      branch-misses                    #    0.27% of all branches             (66.42%)
    17.027825916                                                                                        
    17.027825916                                                   #     28.2 percent of slots  frontend_bound  (66.48%)
    17.027825916                                                   #      0.7 percent of slots  bad_speculation  (16.89%)
    18.029802934           13823.15 msec task-clock                       #   13.823 CPUs utilized             
    18.029802934               3272      context-switches                 #  236.704 /sec                      
    18.029802934                  0      cpu-migrations                   #    0.000 /sec                      
    18.029802934                  0      page-faults                      #    0.000 /sec                      
    18.029802934        28304279209      cycles                           #    2.048 GHz                         (33.21%)
    18.029802934        44213719462      instructions                     #    1.56  insn per cycle              (33.50%)
    18.029802934         6730750584      branches                         #  486.919 M/sec                       (50.04%)
    18.029802934           17854854      branch-misses                    #    0.27% of all branches             (66.83%)
    18.029802934                                                                                        
    18.029802934                                                   #     28.2 percent of slots  frontend_bound  (66.79%)
    18.029802934                                                   #      0.7 percent of slots  bad_speculation  (16.56%)
    19.031540793           13849.29 msec task-clock                       #   13.849 CPUs utilized             
    19.031540793               3397      context-switches                 #  245.283 /sec                      
    19.031540793                  0      cpu-migrations                   #    0.000 /sec                      
    19.031540793                  0      page-faults                      #    0.000 /sec                      
    19.031540793        28342076581      cycles                           #    2.046 GHz                         (33.51%)
    19.031540793        44448797869      instructions                     #    1.57  insn per cycle              (33.34%)
    19.031540793         6743045309      branches                         #  486.887 M/sec                       (50.02%)
    19.031540793           17773472      branch-misses                    #    0.26% of all branches             (66.63%)
    19.031540793                                                                                        
    19.031540793                                                   #     28.2 percent of slots  frontend_bound  (66.49%)
    19.031540793                                                   #      0.7 percent of slots  bad_speculation  (16.80%)
    20.033000731           13856.67 msec task-clock                       #   13.857 CPUs utilized             
    20.033000731               3394      context-switches                 #  244.936 /sec                      
    20.033000731                  0      cpu-migrations                   #    0.000 /sec                      
    20.033000731                  0      page-faults                      #    0.000 /sec                      
    20.033000731        28383094090      cycles                           #    2.048 GHz                         (33.29%)
    20.033000731        44433144548      instructions                     #    1.57  insn per cycle              (33.25%)
    20.033000731         6763543061      branches                         #  488.107 M/sec                       (49.90%)
    20.033000731           17825492      branch-misses                    #    0.26% of all branches             (66.53%)
    20.033000731                                                                                        
    20.033000731                                                   #     28.2 percent of slots  frontend_bound  (66.71%)
    20.033000731                                                   #      0.7 percent of slots  bad_speculation  (16.71%)
    21.034444804           13905.17 msec task-clock                       #   13.905 CPUs utilized             
    21.034444804               3267      context-switches                 #  234.949 /sec                      
    21.034444804                  1      cpu-migrations                   #    0.072 /sec                      
    21.034444804                  0      page-faults                      #    0.000 /sec                      
    21.034444804        28444513870      cycles                           #    2.046 GHz                         (33.31%)
    21.034444804        44527252025      instructions                     #    1.57  insn per cycle              (33.36%)
    21.034444804         6769045644      branches                         #  486.801 M/sec                       (50.03%)
    21.034444804           18007014      branch-misses                    #    0.27% of all branches             (66.62%)
    21.034444804                                                                                        
    21.034444804                                                   #     28.1 percent of slots  frontend_bound  (66.68%)
    21.034444804                                                   #      0.7 percent of slots  bad_speculation  (16.61%)
    22.036439180           13873.92 msec task-clock                       #   13.874 CPUs utilized             
    22.036439180               3359      context-switches                 #  242.109 /sec                      
    22.036439180                  2      cpu-migrations                   #    0.144 /sec                      
    22.036439180                  0      page-faults                      #    0.000 /sec                      
    22.036439180        28445584208      cycles                           #    2.050 GHz                         (33.34%)
    22.036439180        44483808339      instructions                     #    1.56  insn per cycle              (33.36%)
    22.036439180         6768299895      branches                         #  487.843 M/sec                       (49.91%)
    22.036439180           18360749      branch-misses                    #    0.27% of all branches             (66.54%)
    22.036439180                                                                                        
    22.036439180                                                   #     28.2 percent of slots  frontend_bound  (66.66%)
    22.036439180                                                   #      0.8 percent of slots  bad_speculation  (16.64%)
    23.037945653           13903.14 msec task-clock                       #   13.903 CPUs utilized             
    23.037945653               3391      context-switches                 #  243.902 /sec                      
    23.037945653                  0      cpu-migrations                   #    0.000 /sec                      
    23.037945653                  0      page-faults                      #    0.000 /sec                      
    23.037945653        28355902426      cycles                           #    2.040 GHz                         (33.38%)
    23.037945653        44493856631      instructions                     #    1.57  insn per cycle              (33.10%)
    23.037945653         6766972399      branches                         #  486.722 M/sec                       (49.80%)
    23.037945653           18335926      branch-misses                    #    0.27% of all branches             (66.46%)
    23.037945653                                                                                        
    23.037945653                                                   #     28.3 percent of slots  frontend_bound  (66.62%)
    23.037945653                                                   #      0.8 percent of slots  bad_speculation  (16.80%)
    24.039083411           13838.73 msec task-clock                       #   13.839 CPUs utilized             
    24.039083411               3396      context-switches                 #  245.398 /sec                      
    24.039083411                  2      cpu-migrations                   #    0.145 /sec                      
    24.039083411                  0      page-faults                      #    0.000 /sec                      
    24.039083411        28247680421      cycles                           #    2.041 GHz                         (33.45%)
    24.039083411        44283051388      instructions                     #    1.57  insn per cycle              (33.37%)
    24.039083411         6727266758      branches                         #  486.119 M/sec                       (50.00%)
    24.039083411           17617977      branch-misses                    #    0.26% of all branches             (66.59%)
    24.039083411                                                                                        
    24.039083411                                                   #     28.2 percent of slots  frontend_bound  (66.56%)
    24.039083411                                                   #      0.7 percent of slots  bad_speculation  (16.75%)
    25.041074060           13912.93 msec task-clock                       #   13.913 CPUs utilized             
    25.041074060               3315      context-switches                 #  238.268 /sec                      
    25.041074060                  2      cpu-migrations                   #    0.144 /sec                      
    25.041074060                  0      page-faults                      #    0.000 /sec                      
    25.041074060        28359599857      cycles                           #    2.038 GHz                         (33.24%)
    25.041074060        44500394789      instructions                     #    1.57  insn per cycle              (33.39%)
    25.041074060         6758204983      branches                         #  485.750 M/sec                       (50.02%)
    25.041074060           17586424      branch-misses                    #    0.26% of all branches             (66.71%)
    25.041074060                                                                                        
    25.041074060                                                   #     28.2 percent of slots  frontend_bound  (66.76%)
    25.041074060                                                   #      0.7 percent of slots  bad_speculation  (16.54%)
    26.041904170           13888.69 msec task-clock                       #   13.889 CPUs utilized             
    26.041904170               3332      context-switches                 #  239.907 /sec                      
    26.041904170                  1      cpu-migrations                   #    0.072 /sec                      
    26.041904170                  0      page-faults                      #    0.000 /sec                      
    26.041904170        28372698341      cycles                           #    2.043 GHz                         (33.52%)
    26.041904170        44501662292      instructions                     #    1.57  insn per cycle              (33.42%)
    26.041904170         6775420512      branches                         #  487.837 M/sec                       (49.89%)
    26.041904170           17353510      branch-misses                    #    0.26% of all branches             (66.50%)
    26.041904170                                                                                        
    26.041904170                                                   #     28.2 percent of slots  frontend_bound  (66.48%)
    26.041904170                                                   #      0.7 percent of slots  bad_speculation  (16.76%)
#           time             counts unit events
    27.043686518           13906.67 msec task-clock                       #   13.907 CPUs utilized             
    27.043686518               3369      context-switches                 #  242.258 /sec                      
    27.043686518                  0      cpu-migrations                   #    0.000 /sec                      
    27.043686518                  0      page-faults                      #    0.000 /sec                      
    27.043686518        28428749600      cycles                           #    2.044 GHz                         (33.40%)
    27.043686518        44603551814      instructions                     #    1.57  insn per cycle              (33.40%)
    27.043686518         6787477803      branches                         #  488.074 M/sec                       (50.14%)
    27.043686518           17393189      branch-misses                    #    0.26% of all branches             (66.80%)
    27.043686518                                                                                        
    27.043686518                                                   #     28.3 percent of slots  frontend_bound  (66.60%)
    27.043686518                                                   #      0.7 percent of slots  bad_speculation  (16.64%)
    28.045612880           13909.08 msec task-clock                       #   13.909 CPUs utilized             
    28.045612880               3370      context-switches                 #  242.288 /sec                      
    28.045612880                  2      cpu-migrations                   #    0.144 /sec                      
    28.045612880                  0      page-faults                      #    0.000 /sec                      
    28.045612880        28393792956      cycles                           #    2.041 GHz                         (33.36%)
    28.045612880        44693144826      instructions                     #    1.57  insn per cycle              (33.10%)
    28.045612880         6782824520      branches                         #  487.654 M/sec                       (49.75%)
    28.045612880           17532398      branch-misses                    #    0.26% of all branches             (66.40%)
    28.045612880                                                                                        
    28.045612880                                                   #     28.3 percent of slots  frontend_bound  (66.64%)
    28.045612880                                                   #      0.7 percent of slots  bad_speculation  (16.77%)
    29.047339166           13905.95 msec task-clock                       #   13.906 CPUs utilized             
    29.047339166               3343      context-switches                 #  240.401 /sec                      
    29.047339166                  0      cpu-migrations                   #    0.000 /sec                      
    29.047339166                  0      page-faults                      #    0.000 /sec                      
    29.047339166        28425084450      cycles                           #    2.044 GHz                         (33.36%)
    29.047339166        44533527708      instructions                     #    1.57  insn per cycle              (33.39%)
    29.047339166         6773352564      branches                         #  487.083 M/sec                       (50.06%)
    29.047339166           17487831      branch-misses                    #    0.26% of all branches             (66.58%)
    29.047339166                                                                                        
    29.047339166                                                   #     28.2 percent of slots  frontend_bound  (66.64%)
    29.047339166                                                   #      0.7 percent of slots  bad_speculation  (16.67%)
    30.048944246           13903.48 msec task-clock                       #   13.903 CPUs utilized             
    30.048944246               3353      context-switches                 #  241.163 /sec                      
    30.048944246                  1      cpu-migrations                   #    0.072 /sec                      
    30.048944246                  0      page-faults                      #    0.000 /sec                      
    30.048944246        28418290542      cycles                           #    2.044 GHz                         (33.23%)
    30.048944246        44466152852      instructions                     #    1.56  insn per cycle              (33.27%)
    30.048944246         6761944495      branches                         #  486.349 M/sec                       (49.95%)
    30.048944246           17375067      branch-misses                    #    0.26% of all branches             (66.63%)
    30.048944246                                                                                        
    30.048944246                                                   #     28.2 percent of slots  frontend_bound  (66.77%)
    30.048944246                                                   #      0.7 percent of slots  bad_speculation  (16.65%)
    31.050708445           13887.30 msec task-clock                       #   13.887 CPUs utilized             
    31.050708445               3295      context-switches                 #  237.267 /sec                      
    31.050708445                  0      cpu-migrations                   #    0.000 /sec                      
    31.050708445                  0      page-faults                      #    0.000 /sec                      
    31.050708445        28435282111      cycles                           #    2.048 GHz                         (33.29%)
    31.050708445        44569859840      instructions                     #    1.57  insn per cycle              (33.28%)
    31.050708445         6758122549      branches                         #  486.640 M/sec                       (50.03%)
    31.050708445           17464342      branch-misses                    #    0.26% of all branches             (66.69%)
    31.050708445                                                                                        
    31.050708445                                                   #     28.2 percent of slots  frontend_bound  (66.71%)
    31.050708445                                                   #      0.7 percent of slots  bad_speculation  (16.63%)
    32.052646502           13881.64 msec task-clock                       #   13.882 CPUs utilized             
    32.052646502               3313      context-switches                 #  238.660 /sec                      
    32.052646502                  0      cpu-migrations                   #    0.000 /sec                      
    32.052646502                  0      page-faults                      #    0.000 /sec                      
    32.052646502        28343088619      cycles                           #    2.042 GHz                         (33.20%)
    32.052646502        44261740740      instructions                     #    1.56  insn per cycle              (33.15%)
    32.052646502         6735293643      branches                         #  485.194 M/sec                       (49.78%)
    32.052646502           17530120      branch-misses                    #    0.26% of all branches             (66.55%)
    32.052646502                                                                                        
    32.052646502                                                   #     28.2 percent of slots  frontend_bound  (66.81%)
    32.052646502                                                   #      0.7 percent of slots  bad_speculation  (16.68%)
    33.053915043           13828.51 msec task-clock                       #   13.829 CPUs utilized             
    33.053915043               3282      context-switches                 #  237.336 /sec                      
    33.053915043                  1      cpu-migrations                   #    0.072 /sec                      
    33.053915043                  0      page-faults                      #    0.000 /sec                      
    33.053915043        28302449403      cycles                           #    2.047 GHz                         (33.33%)
    33.053915043        44499487723      instructions                     #    1.57  insn per cycle              (33.22%)
    33.053915043         6751783966      branches                         #  488.251 M/sec                       (49.92%)
    33.053915043           17581310      branch-misses                    #    0.26% of all branches             (66.53%)
    33.053915043                                                                                        
    33.053915043                                                   #     28.3 percent of slots  frontend_bound  (66.67%)
    33.053915043                                                   #      0.7 percent of slots  bad_speculation  (16.76%)
    34.055989497           13851.44 msec task-clock                       #   13.851 CPUs utilized             
    34.055989497               3418      context-switches                 #  246.761 /sec                      
    34.055989497                  1      cpu-migrations                   #    0.072 /sec                      
    34.055989497                  0      page-faults                      #    0.000 /sec                      
    34.055989497        28417999896      cycles                           #    2.052 GHz                         (33.22%)
    34.055989497        44438033507      instructions                     #    1.56  insn per cycle              (33.23%)
    34.055989497         6750850972      branches                         #  487.376 M/sec                       (49.93%)
    34.055989497           17457997      branch-misses                    #    0.26% of all branches             (66.66%)
    34.055989497                                                                                        
    34.055989497                                                   #     28.3 percent of slots  frontend_bound  (66.77%)
    34.055989497                                                   #      0.7 percent of slots  bad_speculation  (16.60%)
    35.057901280           13830.61 msec task-clock                       #   13.831 CPUs utilized             
    35.057901280               3424      context-switches                 #  247.567 /sec                      
    35.057901280                  0      cpu-migrations                   #    0.000 /sec                      
    35.057901280                  0      page-faults                      #    0.000 /sec                      
    35.057901280        28297376342      cycles                           #    2.046 GHz                         (33.28%)
    35.057901280        44374222688      instructions                     #    1.57  insn per cycle              (33.32%)
    35.057901280         6733660155      branches                         #  486.867 M/sec                       (49.99%)
    35.057901280           17372698      branch-misses                    #    0.26% of all branches             (66.65%)
    35.057901280                                                                                        
    35.057901280                                                   #     28.3 percent of slots  frontend_bound  (66.73%)
    35.057901280                                                   #      0.7 percent of slots  bad_speculation  (16.62%)
    36.059695922           13782.04 msec task-clock                       #   13.782 CPUs utilized             
    36.059695922               3398      context-switches                 #  246.553 /sec                      
    36.059695922                  1      cpu-migrations                   #    0.073 /sec                      
    36.059695922                  0      page-faults                      #    0.000 /sec                      
    36.059695922        28262362558      cycles                           #    2.051 GHz                         (33.18%)
    36.059695922        44166506561      instructions                     #    1.56  insn per cycle              (33.32%)
    36.059695922         6719298961      branches                         #  487.540 M/sec                       (49.97%)
    36.059695922           17305550      branch-misses                    #    0.26% of all branches             (66.68%)
    36.059695922                                                                                        
    36.059695922                                                   #     28.3 percent of slots  frontend_bound  (66.82%)
    36.059695922                                                   #      0.7 percent of slots  bad_speculation  (16.63%)
    37.061555969           13772.37 msec task-clock                       #   13.772 CPUs utilized             
    37.061555969               3399      context-switches                 #  246.799 /sec                      
    37.061555969                  3      cpu-migrations                   #    0.218 /sec                      
    37.061555969                  0      page-faults                      #    0.000 /sec                      
    37.061555969        28118946216      cycles                           #    2.042 GHz                         (33.45%)
    37.061555969        44066086804      instructions                     #    1.57  insn per cycle              (33.31%)
    37.061555969         6711886275      branches                         #  487.344 M/sec                       (49.98%)
    37.061555969           17464101      branch-misses                    #    0.26% of all branches             (66.63%)
    37.061555969                                                                                        
    37.061555969                                                   #     28.3 percent of slots  frontend_bound  (66.55%)
    37.061555969                                                   #      0.7 percent of slots  bad_speculation  (16.74%)
    38.063287656           13752.02 msec task-clock                       #   13.752 CPUs utilized             
    38.063287656               3410      context-switches                 #  247.964 /sec                      
    38.063287656                  1      cpu-migrations                   #    0.073 /sec                      
    38.063287656                  0      page-faults                      #    0.000 /sec                      
    38.063287656        28052965485      cycles                           #    2.040 GHz                         (33.39%)
    38.063287656        44079204993      instructions                     #    1.57  insn per cycle              (33.21%)
    38.063287656         6695270459      branches                         #  486.857 M/sec                       (49.90%)
    38.063287656           17476227      branch-misses                    #    0.26% of all branches             (66.56%)
    38.063287656                                                                                        
    38.063287656                                                   #     28.3 percent of slots  frontend_bound  (66.61%)
    38.063287656                                                   #      0.7 percent of slots  bad_speculation  (16.77%)
    39.065395205           13784.37 msec task-clock                       #   13.784 CPUs utilized             
    39.065395205               3374      context-switches                 #  244.770 /sec                      
    39.065395205                  1      cpu-migrations                   #    0.073 /sec                      
    39.065395205                  0      page-faults                      #    0.000 /sec                      
    39.065395205        28147714679      cycles                           #    2.042 GHz                         (33.15%)
    39.065395205        44249883750      instructions                     #    1.57  insn per cycle              (33.15%)
    39.065395205         6712729699      branches                         #  486.981 M/sec                       (49.95%)
    39.065395205           17316774      branch-misses                    #    0.26% of all branches             (66.67%)
    39.065395205                                                                                        
    39.065395205                                                   #     28.3 percent of slots  frontend_bound  (66.85%)
    39.065395205                                                   #      0.7 percent of slots  bad_speculation  (16.57%)
    40.067422136           13756.46 msec task-clock                       #   13.756 CPUs utilized             
    40.067422136               3462      context-switches                 #  251.664 /sec                      
    40.067422136                  5      cpu-migrations                   #    0.363 /sec                      
    40.067422136                  0      page-faults                      #    0.000 /sec                      
    40.067422136        28129773992      cycles                           #    2.045 GHz                         (33.19%)
    40.067422136        44144914995      instructions                     #    1.57  insn per cycle              (33.27%)
    40.067422136         6710970486      branches                         #  487.841 M/sec                       (49.90%)
    40.067422136           17256855      branch-misses                    #    0.26% of all branches             (66.64%)
    40.067422136                                                                                        
    40.067422136                                                   #     28.3 percent of slots  frontend_bound  (66.81%)
    40.067422136                                                   #      0.7 percent of slots  bad_speculation  (16.65%)
    41.069720924           13759.55 msec task-clock                       #   13.760 CPUs utilized             
    41.069720924               3399      context-switches                 #  247.028 /sec                      
    41.069720924                  1      cpu-migrations                   #    0.073 /sec                      
    41.069720924                  0      page-faults                      #    0.000 /sec                      
    41.069720924        28195777769      cycles                           #    2.049 GHz                         (33.40%)
    41.069720924        44272896097      instructions                     #    1.57  insn per cycle              (33.39%)
    41.069720924         6735756399      branches                         #  489.533 M/sec                       (49.89%)
    41.069720924           17420012      branch-misses                    #    0.26% of all branches             (66.64%)
    41.069720924                                                                                        
    41.069720924                                                   #     28.3 percent of slots  frontend_bound  (66.60%)
    41.069720924                                                   #      0.7 percent of slots  bad_speculation  (16.68%)
    42.071802042           13793.75 msec task-clock                       #   13.794 CPUs utilized             
    42.071802042               3454      context-switches                 #  250.403 /sec                      
    42.071802042                  0      cpu-migrations                   #    0.000 /sec                      
    42.071802042                  0      page-faults                      #    0.000 /sec                      
    42.071802042        28237538302      cycles                           #    2.047 GHz                         (33.15%)
    42.071802042        44394415567      instructions                     #    1.57  insn per cycle              (33.26%)
    42.071802042         6750061538      branches                         #  489.356 M/sec                       (49.98%)
    42.071802042           17438628      branch-misses                    #    0.26% of all branches             (66.71%)
    42.071802042                                                                                        
    42.071802042                                                   #     28.3 percent of slots  frontend_bound  (66.84%)
    42.071802042                                                   #      0.7 percent of slots  bad_speculation  (16.62%)
    43.073836686           13808.23 msec task-clock                       #   13.808 CPUs utilized             
    43.073836686               3423      context-switches                 #  247.896 /sec                      
    43.073836686                  1      cpu-migrations                   #    0.072 /sec                      
    43.073836686                  0      page-faults                      #    0.000 /sec                      
    43.073836686        28287090598      cycles                           #    2.049 GHz                         (33.28%)
    43.073836686        44317039253      instructions                     #    1.57  insn per cycle              (33.28%)
    43.073836686         6739691176      branches                         #  488.092 M/sec                       (49.98%)
    43.073836686           17630990      branch-misses                    #    0.26% of all branches             (66.71%)
    43.073836686                                                                                        
    43.073836686                                                   #     28.2 percent of slots  frontend_bound  (66.73%)
    43.073836686                                                   #      0.7 percent of slots  bad_speculation  (16.59%)
    44.075692470           13807.67 msec task-clock                       #   13.808 CPUs utilized             
    44.075692470               3305      context-switches                 #  239.360 /sec                      
    44.075692470                  0      cpu-migrations                   #    0.000 /sec                      
    44.075692470                  0      page-faults                      #    0.000 /sec                      
    44.075692470        28198337765      cycles                           #    2.042 GHz                         (33.28%)
    44.075692470        44342396333      instructions                     #    1.57  insn per cycle              (33.32%)
    44.075692470         6743341761      branches                         #  488.377 M/sec                       (50.03%)
    44.075692470           17631172      branch-misses                    #    0.26% of all branches             (66.61%)
    44.075692470                                                                                        
    44.075692470                                                   #     28.3 percent of slots  frontend_bound  (66.73%)
    44.075692470                                                   #      0.7 percent of slots  bad_speculation  (16.60%)
    45.077645477           13795.24 msec task-clock                       #   13.795 CPUs utilized             
    45.077645477               3363      context-switches                 #  243.780 /sec                      
    45.077645477                  3      cpu-migrations                   #    0.217 /sec                      
    45.077645477                  0      page-faults                      #    0.000 /sec                      
    45.077645477        28161638554      cycles                           #    2.041 GHz                         (33.21%)
    45.077645477        44206746436      instructions                     #    1.57  insn per cycle              (33.19%)
    45.077645477         6716647999      branches                         #  486.882 M/sec                       (49.95%)
    45.077645477           17243927      branch-misses                    #    0.26% of all branches             (66.76%)
    45.077645477                                                                                        
    45.077645477                                                   #     28.2 percent of slots  frontend_bound  (66.78%)
    45.077645477                                                   #      0.7 percent of slots  bad_speculation  (16.62%)
    46.079669008           13751.98 msec task-clock                       #   13.752 CPUs utilized             
    46.079669008               3314      context-switches                 #  240.983 /sec                      
    46.079669008                  0      cpu-migrations                   #    0.000 /sec                      
    46.079669008                  0      page-faults                      #    0.000 /sec                      
    46.079669008        27952774094      cycles                           #    2.033 GHz                         (33.45%)
    46.079669008        43810005412      instructions                     #    1.57  insn per cycle              (33.57%)
    46.079669008         6663656291      branches                         #  484.560 M/sec                       (50.24%)
    46.079669008           17050309      branch-misses                    #    0.26% of all branches             (66.85%)
    46.079669008                                                                                        
    46.079669008                                                   #     28.2 percent of slots  frontend_bound  (66.56%)
    46.079669008                                                   #      0.7 percent of slots  bad_speculation  (16.59%)
    47.081529332           13781.57 msec task-clock                       #   13.782 CPUs utilized             
    47.081529332               3267      context-switches                 #  237.056 /sec                      
    47.081529332                  2      cpu-migrations                   #    0.145 /sec                      
    47.081529332                  0      page-faults                      #    0.000 /sec                      
    47.081529332        28243986405      cycles                           #    2.049 GHz                         (33.16%)
    47.081529332        44177188429      instructions                     #    1.56  insn per cycle              (33.22%)
    47.081529332         6698660234      branches                         #  486.059 M/sec                       (49.89%)
    47.081529332           17429615      branch-misses                    #    0.26% of all branches             (66.83%)
    47.081529332                                                                                        
    47.081529332                                                   #     28.2 percent of slots  frontend_bound  (66.84%)
    47.081529332                                                   #      0.7 percent of slots  bad_speculation  (16.51%)
    48.082904460           13825.07 msec task-clock                       #   13.825 CPUs utilized             
    48.082904460               3294      context-switches                 #  238.263 /sec                      
    48.082904460                  0      cpu-migrations                   #    0.000 /sec                      
    48.082904460                  0      page-faults                      #    0.000 /sec                      
    48.082904460        28153683562      cycles                           #    2.036 GHz                         (33.39%)
    48.082904460        44213765651      instructions                     #    1.57  insn per cycle              (33.38%)
    48.082904460         6722058056      branches                         #  486.222 M/sec                       (50.05%)
    48.082904460           17739410      branch-misses                    #    0.26% of all branches             (66.75%)
    48.082904460                                                                                        
    48.082904460                                                   #     28.2 percent of slots  frontend_bound  (66.62%)
    48.082904460                                                   #      0.7 percent of slots  bad_speculation  (16.65%)
    49.085070468           13837.93 msec task-clock                       #   13.838 CPUs utilized             
    49.085070468               3202      context-switches                 #  231.393 /sec                      
    49.085070468                  0      cpu-migrations                   #    0.000 /sec                      
    49.085070468                  0      page-faults                      #    0.000 /sec                      
    49.085070468        28216442250      cycles                           #    2.039 GHz                         (33.40%)
    49.085070468        44162094483      instructions                     #    1.57  insn per cycle              (33.15%)
    49.085070468         6718363131      branches                         #  485.504 M/sec                       (49.80%)
    49.085070468           17857146      branch-misses                    #    0.27% of all branches             (66.54%)
    49.085070468                                                                                        
    49.085070468                                                   #     28.2 percent of slots  frontend_bound  (66.60%)
    49.085070468                                                   #      0.7 percent of slots  bad_speculation  (16.81%)
    50.086904442           13850.39 msec task-clock                       #   13.850 CPUs utilized             
    50.086904442               3296      context-switches                 #  237.972 /sec                      
    50.086904442                  3      cpu-migrations                   #    0.217 /sec                      
    50.086904442                  0      page-faults                      #    0.000 /sec                      
    50.086904442        28270580174      cycles                           #    2.041 GHz                         (33.34%)
    50.086904442        44254035187      instructions                     #    1.57  insn per cycle              (33.40%)
    50.086904442         6727888305      branches                         #  485.755 M/sec                       (50.10%)
    50.086904442           17727586      branch-misses                    #    0.26% of all branches             (66.75%)
    50.086904442                                                                                        
    50.086904442                                                   #     28.2 percent of slots  frontend_bound  (66.66%)
    50.086904442                                                   #      0.7 percent of slots  bad_speculation  (16.61%)
    51.088818897           13825.21 msec task-clock                       #   13.825 CPUs utilized             
    51.088818897               3263      context-switches                 #  236.018 /sec                      
    51.088818897                  0      cpu-migrations                   #    0.000 /sec                      
    51.088818897                  0      page-faults                      #    0.000 /sec                      
    51.088818897        28162484989      cycles                           #    2.037 GHz                         (33.32%)
    51.088818897        44076851460      instructions                     #    1.57  insn per cycle              (33.42%)
    51.088818897         6694447503      branches                         #  484.220 M/sec                       (50.09%)
    51.088818897           17625700      branch-misses                    #    0.26% of all branches             (66.83%)
    51.088818897                                                                                        
    51.088818897                                                   #     28.2 percent of slots  frontend_bound  (66.67%)
    51.088818897                                                   #      0.7 percent of slots  bad_speculation  (16.59%)
    52.092445927           13872.78 msec task-clock                       #   13.873 CPUs utilized             
    52.092445927               3301      context-switches                 #  237.948 /sec                      
    52.092445927                  0      cpu-migrations                   #    0.000 /sec                      
    52.092445927                  0      page-faults                      #    0.000 /sec                      
    52.092445927        28289630401      cycles                           #    2.039 GHz                         (33.30%)
    52.092445927        44173787486      instructions                     #    1.56  insn per cycle              (33.48%)
    52.092445927         6716609934      branches                         #  484.157 M/sec                       (50.19%)
    52.092445927           17623564      branch-misses                    #    0.26% of all branches             (66.80%)
    52.092445927                                                                                        
    52.092445927                                                   #     28.2 percent of slots  frontend_bound  (66.71%)
    52.092445927                                                   #      0.7 percent of slots  bad_speculation  (16.57%)
#           time             counts unit events
    53.094306986           13822.40 msec task-clock                       #   13.822 CPUs utilized             
    53.094306986               3219      context-switches                 #  232.883 /sec                      
    53.094306986                  2      cpu-migrations                   #    0.145 /sec                      
    53.094306986                  0      page-faults                      #    0.000 /sec                      
    53.094306986        28223124179      cycles                           #    2.042 GHz                         (33.35%)
    53.094306986        44105937550      instructions                     #    1.56  insn per cycle              (33.34%)
    53.094306986         6700189259      branches                         #  484.734 M/sec                       (49.97%)
    53.094306986           17642865      branch-misses                    #    0.26% of all branches             (66.70%)
    53.094306986                                                                                        
    53.094306986                                                   #     28.3 percent of slots  frontend_bound  (66.64%)
    53.094306986                                                   #      0.7 percent of slots  bad_speculation  (16.67%)
    54.096338255           13724.59 msec task-clock                       #   13.725 CPUs utilized             
    54.096338255               3203      context-switches                 #  233.377 /sec                      
    54.096338255                  1      cpu-migrations                   #    0.073 /sec                      
    54.096338255                  0      page-faults                      #    0.000 /sec                      
    54.096338255        27984483690      cycles                           #    2.039 GHz                         (33.23%)
    54.096338255        43916977339      instructions                     #    1.57  insn per cycle              (33.42%)
    54.096338255         6680552920      branches                         #  486.758 M/sec                       (50.07%)
    54.096338255           16853310      branch-misses                    #    0.25% of all branches             (66.80%)
    54.096338255                                                                                        
    54.096338255                                                   #     28.2 percent of slots  frontend_bound  (66.76%)
    54.096338255                                                   #      0.7 percent of slots  bad_speculation  (16.55%)
    55.098392662           13709.97 msec task-clock                       #   13.710 CPUs utilized             
    55.098392662               3277      context-switches                 #  239.023 /sec                      
    55.098392662                  0      cpu-migrations                   #    0.000 /sec                      
    55.098392662                  0      page-faults                      #    0.000 /sec                      
    55.098392662        27940693248      cycles                           #    2.038 GHz                         (33.34%)
    55.098392662        44079449063      instructions                     #    1.58  insn per cycle              (33.21%)
    55.098392662         6676267978      branches                         #  486.965 M/sec                       (49.92%)
    55.098392662           16845429      branch-misses                    #    0.25% of all branches             (66.48%)
    55.098392662                                                                                        
    55.098392662                                                   #     28.4 percent of slots  frontend_bound  (66.66%)
    55.098392662                                                   #      0.7 percent of slots  bad_speculation  (16.73%)
    56.100076488           13691.64 msec task-clock                       #   13.692 CPUs utilized             
    56.100076488               3279      context-switches                 #  239.489 /sec                      
    56.100076488                  4      cpu-migrations                   #    0.292 /sec                      
    56.100076488                  0      page-faults                      #    0.000 /sec                      
    56.100076488        27708803865      cycles                           #    2.024 GHz                         (33.38%)
    56.100076488        43658507013      instructions                     #    1.58  insn per cycle              (33.22%)
    56.100076488         6641662567      branches                         #  485.089 M/sec                       (49.81%)
    56.100076488           16533344      branch-misses                    #    0.25% of all branches             (66.61%)
    56.100076488                                                                                        
    56.100076488                                                   #     28.3 percent of slots  frontend_bound  (66.63%)
    56.100076488                                                   #      0.7 percent of slots  bad_speculation  (16.75%)
    57.101629469           13666.16 msec task-clock                       #   13.666 CPUs utilized             
    57.101629469               3298      context-switches                 #  241.326 /sec                      
    57.101629469                  1      cpu-migrations                   #    0.073 /sec                      
    57.101629469                  0      page-faults                      #    0.000 /sec                      
    57.101629469        27821261389      cycles                           #    2.036 GHz                         (33.28%)
    57.101629469        43684557897      instructions                     #    1.57  insn per cycle              (33.22%)
    57.101629469         6625715661      branches                         #  484.826 M/sec                       (49.96%)
    57.101629469           16202723      branch-misses                    #    0.24% of all branches             (66.61%)
    57.101629469                                                                                        
    57.101629469                                                   #     28.3 percent of slots  frontend_bound  (66.72%)
    57.101629469                                                   #      0.7 percent of slots  bad_speculation  (16.65%)
    58.103450110           13666.56 msec task-clock                       #   13.667 CPUs utilized             
    58.103450110               3222      context-switches                 #  235.758 /sec                      
    58.103450110                  2      cpu-migrations                   #    0.146 /sec                      
    58.103450110                  0      page-faults                      #    0.000 /sec                      
    58.103450110        27715367333      cycles                           #    2.028 GHz                         (33.32%)
    58.103450110        43516493529      instructions                     #    1.57  insn per cycle              (33.43%)
    58.103450110         6609412627      branches                         #  483.619 M/sec                       (50.02%)
    58.103450110           16251344      branch-misses                    #    0.25% of all branches             (66.60%)
    58.103450110                                                                                        
    58.103450110                                                   #     28.3 percent of slots  frontend_bound  (66.68%)
    58.103450110                                                   #      0.7 percent of slots  bad_speculation  (16.62%)
    59.105397771           13572.92 msec task-clock                       #   13.573 CPUs utilized             
    59.105397771               3360      context-switches                 #  247.552 /sec                      
    59.105397771                  0      cpu-migrations                   #    0.000 /sec                      
    59.105397771                  0      page-faults                      #    0.000 /sec                      
    59.105397771        27677220294      cycles                           #    2.039 GHz                         (33.33%)
    59.105397771        43563209535      instructions                     #    1.57  insn per cycle              (33.08%)
    59.105397771         6626981239      branches                         #  488.250 M/sec                       (49.77%)
    59.105397771           16183207      branch-misses                    #    0.24% of all branches             (66.40%)
    59.105397771                                                                                        
    59.105397771                                                   #     28.3 percent of slots  frontend_bound  (66.66%)
    59.105397771                                                   #      0.7 percent of slots  bad_speculation  (16.77%)
    60.107046051           13574.28 msec task-clock                       #   13.574 CPUs utilized             
    60.107046051               3371      context-switches                 #  248.337 /sec                      
    60.107046051                  0      cpu-migrations                   #    0.000 /sec                      
    60.107046051                  0      page-faults                      #    0.000 /sec                      
    60.107046051        27742674881      cycles                           #    2.044 GHz                         (33.36%)
    60.107046051        43646132849      instructions                     #    1.57  insn per cycle              (33.41%)
    60.107046051         6633717201      branches                         #  488.697 M/sec                       (50.05%)
    60.107046051           16178106      branch-misses                    #    0.24% of all branches             (66.65%)
    60.107046051                                                                                        
    60.107046051                                                   #     28.3 percent of slots  frontend_bound  (66.64%)
    60.107046051                                                   #      0.7 percent of slots  bad_speculation  (16.65%)
    61.108718882           13603.73 msec task-clock                       #   13.604 CPUs utilized             
    61.108718882               3391      context-switches                 #  249.270 /sec                      
    61.108718882                  0      cpu-migrations                   #    0.000 /sec                      
    61.108718882                  0      page-faults                      #    0.000 /sec                      
    61.108718882        27729125807      cycles                           #    2.038 GHz                         (33.38%)
    61.108718882        43647527258      instructions                     #    1.57  insn per cycle              (33.37%)
    61.108718882         6643035015      branches                         #  488.324 M/sec                       (49.92%)
    61.108718882           16149106      branch-misses                    #    0.24% of all branches             (66.63%)
    61.108718882                                                                                        
    61.108718882                                                   #     28.3 percent of slots  frontend_bound  (66.62%)
    61.108718882                                                   #      0.7 percent of slots  bad_speculation  (16.67%)
    62.110664649           13600.34 msec task-clock                       #   13.600 CPUs utilized             
    62.110664649               3441      context-switches                 #  253.008 /sec                      
    62.110664649                  2      cpu-migrations                   #    0.147 /sec                      
    62.110664649                  0      page-faults                      #    0.000 /sec                      
    62.110664649        27805852708      cycles                           #    2.044 GHz                         (33.17%)
    62.110664649        43483883178      instructions                     #    1.56  insn per cycle              (33.43%)
    62.110664649         6624541358      branches                         #  487.086 M/sec                       (50.14%)
    62.110664649           16234268      branch-misses                    #    0.25% of all branches             (66.83%)
    62.110664649                                                                                        
    62.110664649                                                   #     28.3 percent of slots  frontend_bound  (66.83%)
    62.110664649                                                   #      0.7 percent of slots  bad_speculation  (16.53%)
    62.138506481              45.41 msec task-clock                       #    0.045 CPUs utilized             
    62.138506481                 42      context-switches                 #  924.825 /sec                      
    62.138506481                  1      cpu-migrations                   #   22.020 /sec                      
    62.138506481                  2      page-faults                      #   44.039 /sec                      
    62.138506481           45036258      cycles                           #    0.992 GHz                         (49.81%)
    62.138506481          160588239      instructions                     #    3.57  insn per cycle              (46.87%)
    62.138506481           36657406      branches                         #  807.183 M/sec                       (65.69%)
    62.138506481             115778      branch-misses                    #    0.32% of all branches             (77.07%)
    62.138506481                                                                                        
    62.138506481                                                   #     24.6 percent of slots  frontend_bound  (73.48%)
    62.138506481                                                   #      2.2 percent of slots  bad_speculation  (15.87%)
